<?xml version="1.0" encoding="UTF-8"?>
<!-- Generated by org.testng.reporters.JUnitReportReporter -->
<testsuite hostname="Lenovo" failures="0" tests="1" name="tests.TS_006_ContactDeletionTest" time="55.762" errors="0" timestamp="2024-12-20T19:48:08 IST" skipped="0">
  <testcase classname="tests.TS_006_ContactDeletionTest" name="deleteContact" time="55.762"/>
</testsuite> <!-- tests.TS_006_ContactDeletionTest -->
