<?xml version="1.0" encoding="UTF-8"?>
<!-- Generated by org.testng.reporters.JUnitReportReporter -->
<testsuite hostname="Lenovo" failures="0" tests="1" name="tests.TS_001_SignUpTest" time="23.776" errors="0" timestamp="2024-12-21T11:54:13 IST" skipped="0">
  <testcase classname="tests.TS_001_SignUpTest" name="SignUpToContactList" time="23.776"/>
</testsuite> <!-- tests.TS_001_SignUpTest -->
