<?xml version="1.0" encoding="UTF-8"?>
<!-- Generated by org.testng.reporters.JUnitReportReporter -->
<testsuite hostname="Lenovo" failures="0" tests="1" name="tests.TS_004_ContactDisplayTest" time="105.088" errors="0" timestamp="2024-12-20T19:59:53 IST" skipped="0">
  <testcase classname="tests.TS_004_ContactDisplayTest" name="seeContactDetails" time="105.088"/>
</testsuite> <!-- tests.TS_004_ContactDisplayTest -->
