<?xml version="1.0" encoding="UTF-8"?>
<!-- Generated by org.testng.reporters.JUnitReportReporter -->
<testsuite hostname="Lenovo" failures="0" tests="1" name="tests.TS_005_ContactEditingTest" time="51.091" errors="0" timestamp="2024-12-21T14:10:44 IST" skipped="0">
  <testcase classname="tests.TS_005_ContactEditingTest" name="editContact" time="51.091"/>
</testsuite> <!-- tests.TS_005_ContactEditingTest -->
