<?xml version="1.0" encoding="UTF-8"?>
<!-- Generated by org.testng.reporters.JUnitReportReporter -->
<testsuite hostname="Lenovo" failures="0" tests="1" name="tests.TS_005_ContactEditingTest" time="36.414" errors="0" timestamp="2024-12-21T16:34:59 IST" skipped="0">
  <testcase classname="tests.TS_005_ContactEditingTest" name="editContact" time="36.414"/>
</testsuite> <!-- tests.TS_005_ContactEditingTest -->
