<?xml version="1.0" encoding="UTF-8"?>
<!-- Generated by org.testng.reporters.JUnitReportReporter -->
<testsuite hostname="Lenovo" failures="0" tests="1" name="tests.TS_004_ContactDisplayTest" time="71.843" errors="0" timestamp="2024-12-21T16:34:59 IST" skipped="0">
  <testcase classname="tests.TS_004_ContactDisplayTest" name="seeContactDetails" time="71.843"/>
</testsuite> <!-- tests.TS_004_ContactDisplayTest -->
